# JRE version: Java(TM) SE Runtime Environment (17.0+35) (build 17+35-LTS-2724)
# Java VM: Java HotSpot(TM) 64-Bit Server VM (17+35-LTS-2724, mixed mode, sharing, tiered, compressed oops, compressed class ptrs, g1 gc, windows-amd64)
GC Precious Log:
 CPUs: 4 total, 4 available
 Memory: 4007M
 Large Page Support: Disabled
 NUMA Support: Disabled
 Compressed Oops: Enabled (32-bit)
 Heap Region Size: 1M
 Heap Min Capacity: 8M
 Heap Initial Capacity: 64M
 Heap Max Capacity: 2G
 Pre-touch: Disabled
 Parallel Workers: 4
 Concurrent Workers: 1
 Concurrent Refinement Workers: 4
 Periodic GC: Disabled
Heap:
 garbage-first heap   total 250880K, used 130048K [0x0000000080000000, 0x0000000100000000)
  region size 1024K, 1 young (1024K), 1 survivors (1024K)
 Metaspace       used 107642K, committed 108480K, reserved 520192K
  class space    used 14887K, committed 15296K, reserved 421888K
GC Heap History (20 events):
Event: 102.817 GC heap after
{Heap after GC invocations=49 (full 0):
 garbage-first heap   total 133120K, used 71850K [0x0000000080000000, 0x0000000100000000)
  region size 1024K, 4 young (4096K), 4 survivors (4096K)
 Metaspace       used 71817K, committed 72448K, reserved 487424K
  class space    used 10070K, committed 10368K, reserved 421888K
}
Event: 102.928 GC heap before
{Heap before GC invocations=49 (full 0):
 garbage-first heap   total 133120K, used 73898K [0x0000000080000000, 0x0000000100000000)
  region size 1024K, 6 young (6144K), 4 survivors (4096K)
 Metaspace       used 72022K, committed 72640K, reserved 487424K
  class space    used 10100K, committed 10368K, reserved 421888K
}
Event: 102.957 GC heap after
{Heap after GC invocations=50 (full 0):
 garbage-first heap   total 250880K, used 72038K [0x0000000080000000, 0x0000000100000000)
  region size 1024K, 1 young (1024K), 1 survivors (1024K)
 Metaspace       used 72022K, committed 72640K, reserved 487424K
  class space    used 10100K, committed 10368K, reserved 421888K
}
Event: 113.263 GC heap before
{Heap before GC invocations=50 (full 0):
 garbage-first heap   total 250880K, used 186726K [0x0000000080000000, 0x0000000100000000)
  region size 1024K, 114 young (116736K), 1 survivors (1024K)
 Metaspace       used 82234K, committed 83008K, reserved 495616K
  class space    used 11466K, committed 11840K, reserved 421888K
}
Event: 113.316 GC heap after
{Heap after GC invocations=51 (full 0):
 garbage-first heap   total 250880K, used 81048K [0x0000000080000000, 0x0000000100000000)
  region size 1024K, 10 young (10240K), 10 survivors (10240K)
 Metaspace       used 82234K, committed 83008K, reserved 495616K
  class space    used 11466K, committed 11840K, reserved 421888K
}
Event: 117.581 GC heap before
{Heap before GC invocations=51 (full 0):
 garbage-first heap   total 250880K, used 191640K [0x0000000080000000, 0x0000000100000000)
  region size 1024K, 114 young (116736K), 10 survivors (10240K)
 Metaspace       used 82839K, committed 83584K, reserved 495616K
  class space    used 11529K, committed 11904K, reserved 421888K
}
Event: 117.648 GC heap after
{Heap after GC invocations=52 (full 0):
 garbage-first heap   total 250880K, used 91634K [0x0000000080000000, 0x0000000100000000)
  region size 1024K, 9 young (9216K), 9 survivors (9216K)
 Metaspace       used 82839K, committed 83584K, reserved 495616K
  class space    used 11529K, committed 11904K, reserved 421888K
}
Event: 124.385 GC heap before
{Heap before GC invocations=52 (full 0):
 garbage-first heap   total 250880K, used 195058K [0x0000000080000000, 0x0000000100000000)
  region size 1024K, 108 young (110592K), 9 survivors (9216K)
 Metaspace       used 88542K, committed 89344K, reserved 503808K
  class space    used 12154K, committed 12544K, reserved 421888K
}
Event: 124.469 GC heap after
{Heap after GC invocations=53 (full 0):
 garbage-first heap   total 250880K, used 96214K [0x0000000080000000, 0x0000000100000000)
  region size 1024K, 3 young (3072K), 3 survivors (3072K)
 Metaspace       used 88542K, committed 89344K, reserved 503808K
  class space    used 12154K, committed 12544K, reserved 421888K
}
Event: 130.222 GC heap before
{Heap before GC invocations=53 (full 0):
 garbage-first heap   total 250880K, used 205782K [0x0000000080000000, 0x0000000100000000)
  region size 1024K, 105 young (107520K), 3 survivors (3072K)
 Metaspace       used 94888K, committed 95680K, reserved 512000K
  class space    used 13006K, committed 13376K, reserved 421888K
}
Event: 130.260 GC heap after
{Heap after GC invocations=54 (full 0):
 garbage-first heap   total 250880K, used 103013K [0x0000000080000000, 0x0000000100000000)
  region size 1024K, 10 young (10240K), 10 survivors (10240K)
 Metaspace       used 94888K, committed 95680K, reserved 512000K
  class space    used 13006K, committed 13376K, reserved 421888K
}
Event: 148.483 GC heap before
{Heap before GC invocations=54 (full 0):
 garbage-first heap   total 250880K, used 202341K [0x0000000080000000, 0x0000000100000000)
  region size 1024K, 107 young (109568K), 10 survivors (10240K)
 Metaspace       used 98933K, committed 99776K, reserved 512000K
  class space    used 13560K, committed 13952K, reserved 421888K
}
Event: 148.541 GC heap after
{Heap after GC invocations=55 (full 0):
 garbage-first heap   total 250880K, used 109727K [0x0000000080000000, 0x0000000100000000)
  region size 1024K, 14 young (14336K), 14 survivors (14336K)
 Metaspace       used 98933K, committed 99776K, reserved 512000K
  class space    used 13560K, committed 13952K, reserved 421888K
}
Event: 151.728 GC heap before
{Heap before GC invocations=55 (full 0):
 garbage-first heap   total 250880K, used 203935K [0x0000000080000000, 0x0000000100000000)
  region size 1024K, 105 young (107520K), 14 survivors (14336K)
 Metaspace       used 105232K, committed 106048K, reserved 520192K
  class space    used 14602K, committed 14976K, reserved 421888K
}
Event: 151.803 GC heap after
{Heap after GC invocations=56 (full 0):
 garbage-first heap   total 250880K, used 112978K [0x0000000080000000, 0x0000000100000000)
  region size 1024K, 10 young (10240K), 10 survivors (10240K)
 Metaspace       used 105232K, committed 106048K, reserved 520192K
  class space    used 14602K, committed 14976K, reserved 421888K
}
Event: 167.975 GC heap before
{Heap before GC invocations=56 (full 0):
 garbage-first heap   total 250880K, used 210258K [0x0000000080000000, 0x0000000100000000)
  region size 1024K, 101 young (103424K), 10 survivors (10240K)
 Metaspace       used 107638K, committed 108480K, reserved 520192K
  class space    used 14886K, committed 15296K, reserved 421888K
}
Event: 170.622 GC heap after
{Heap after GC invocations=57 (full 0):
 garbage-first heap   total 250880K, used 128239K [0x0000000080000000, 0x0000000100000000)
  region size 1024K, 13 young (13312K), 13 survivors (13312K)
 Metaspace       used 107638K, committed 108480K, reserved 520192K
  class space    used 14886K, committed 15296K, reserved 421888K
}
Event: 170.703 GC heap before
{Heap before GC invocations=57 (full 0):
 garbage-first heap   total 250880K, used 129263K [0x0000000080000000, 0x0000000100000000)
  region size 1024K, 14 young (14336K), 13 survivors (13312K)
 Metaspace       used 107638K, committed 108480K, reserved 520192K
  class space    used 14886K, committed 15296K, reserved 421888K
}
Event: 170.894 GC heap after
{Heap after GC invocations=58 (full 0):
 garbage-first heap   total 250880K, used 131072K [0x0000000080000000, 0x0000000100000000)
  region size 1024K, 2 young (2048K), 2 survivors (2048K)
 Metaspace       used 107638K, committed 108480K, reserved 520192K
  class space    used 14886K, committed 15296K, reserved 421888K
}
Event: 171.236 GC heap before
{Heap before GC invocations=58 (full 0):
 garbage-first heap   total 250880K, used 143360K [0x0000000080000000, 0x0000000100000000)
  region size 1024K, 14 young (14336K), 2 survivors (2048K)
 Metaspace       used 107642K, committed 108480K, reserved 520192K
  class space    used 14887K, committed 15296K, reserved 421888K
}

