# JRE version: Java(TM) SE Runtime Environment (17.0+35) (build 17+35-LTS-2724)
# Java VM: Java HotSpot(TM) 64-Bit Server VM (17+35-LTS-2724, mixed mode, sharing, tiered, compressed oops, compressed class ptrs, g1 gc, windows-amd64)
GC Precious Log:
 CPUs: 4 total, 4 available
 Memory: 4007M
 Large Page Support: Disabled
 NUMA Support: Disabled
 Compressed Oops: Enabled (32-bit)
 Heap Region Size: 1M
 Heap Min Capacity: 8M
 Heap Initial Capacity: 64M
 Heap Max Capacity: 2G
 Pre-touch: Disabled
 Parallel Workers: 4
 Concurrent Workers: 1
 Concurrent Refinement Workers: 4
 Periodic GC: Disabled
Heap:
 garbage-first heap   total 329728K, used 196608K [0x0000000080000000, 0x0000000100000000)
  region size 1024K, 2 young (2048K), 2 survivors (2048K)
 Metaspace       used 106222K, committed 107520K, reserved 520192K
  class space    used 14790K, committed 15360K, reserved 421888K
GC Heap History (20 events):
Event: 181.175 GC heap after
{Heap after GC invocations=54 (full 0):
 garbage-first heap   total 233472K, used 118682K [0x0000000080000000, 0x0000000100000000)
  region size 1024K, 12 young (12288K), 12 survivors (12288K)
 Metaspace       used 94953K, committed 95936K, reserved 512000K
  class space    used 13381K, committed 13824K, reserved 421888K
}
Event: 186.420 GC heap before
{Heap before GC invocations=54 (full 0):
 garbage-first heap   total 233472K, used 198554K [0x0000000080000000, 0x0000000100000000)
  region size 1024K, 81 young (82944K), 12 survivors (12288K)
 Metaspace       used 96682K, committed 97792K, reserved 512000K
  class space    used 13547K, committed 14080K, reserved 421888K
}
Event: 186.712 GC heap after
{Heap after GC invocations=55 (full 0):
 garbage-first heap   total 233472K, used 142627K [0x0000000080000000, 0x0000000100000000)
  region size 1024K, 11 young (11264K), 11 survivors (11264K)
 Metaspace       used 96682K, committed 97792K, reserved 512000K
  class space    used 13547K, committed 14080K, reserved 421888K
}
Event: 190.334 GC heap before
{Heap before GC invocations=55 (full 0):
 garbage-first heap   total 233472K, used 187683K [0x0000000080000000, 0x0000000100000000)
  region size 1024K, 56 young (57344K), 11 survivors (11264K)
 Metaspace       used 97658K, committed 98816K, reserved 512000K
  class space    used 13663K, committed 14208K, reserved 421888K
}
Event: 190.521 GC heap after
{Heap after GC invocations=56 (full 0):
 garbage-first heap   total 286720K, used 154112K [0x0000000080000000, 0x0000000100000000)
  region size 1024K, 7 young (7168K), 7 survivors (7168K)
 Metaspace       used 97658K, committed 98816K, reserved 512000K
  class space    used 13663K, committed 14208K, reserved 421888K
}
Event: 204.598 GC heap before
{Heap before GC invocations=56 (full 0):
 garbage-first heap   total 286720K, used 214528K [0x0000000080000000, 0x0000000100000000)
  region size 1024K, 66 young (67584K), 7 survivors (7168K)
 Metaspace       used 98469K, committed 99648K, reserved 512000K
  class space    used 13759K, committed 14336K, reserved 421888K
}
Event: 204.883 GC heap after
{Heap after GC invocations=57 (full 0):
 garbage-first heap   total 286720K, used 167424K [0x0000000080000000, 0x0000000100000000)
  region size 1024K, 9 young (9216K), 9 survivors (9216K)
 Metaspace       used 98469K, committed 99648K, reserved 512000K
  class space    used 13759K, committed 14336K, reserved 421888K
}
Event: 211.890 GC heap before
{Heap before GC invocations=57 (full 0):
 garbage-first heap   total 286720K, used 194048K [0x0000000080000000, 0x0000000100000000)
  region size 1024K, 36 young (36864K), 9 survivors (9216K)
 Metaspace       used 98640K, committed 99776K, reserved 512000K
  class space    used 13786K, committed 14336K, reserved 421888K
}
Event: 212.137 GC heap after
{Heap after GC invocations=58 (full 0):
 garbage-first heap   total 286720K, used 174590K [0x0000000080000000, 0x0000000100000000)
  region size 1024K, 5 young (5120K), 5 survivors (5120K)
 Metaspace       used 98640K, committed 99776K, reserved 512000K
  class space    used 13786K, committed 14336K, reserved 421888K
}
Event: 226.005 GC heap before
{Heap before GC invocations=59 (full 0):
 garbage-first heap   total 319488K, used 217598K [0x0000000080000000, 0x0000000100000000)
  region size 1024K, 48 young (49152K), 5 survivors (5120K)
 Metaspace       used 100318K, committed 101632K, reserved 512000K
  class space    used 13985K, committed 14592K, reserved 421888K
}
Event: 226.220 GC heap after
{Heap after GC invocations=60 (full 0):
 garbage-first heap   total 319488K, used 180224K [0x0000000080000000, 0x0000000100000000)
  region size 1024K, 6 young (6144K), 6 survivors (6144K)
 Metaspace       used 100318K, committed 101632K, reserved 512000K
  class space    used 13985K, committed 14592K, reserved 421888K
}
Event: 227.038 GC heap before
{Heap before GC invocations=60 (full 0):
 garbage-first heap   total 319488K, used 188416K [0x0000000080000000, 0x0000000100000000)
  region size 1024K, 15 young (15360K), 6 survivors (6144K)
 Metaspace       used 100323K, committed 101632K, reserved 512000K
  class space    used 13985K, committed 14592K, reserved 421888K
}
Event: 227.265 GC heap after
{Heap after GC invocations=61 (full 0):
 garbage-first heap   total 319488K, used 179754K [0x0000000080000000, 0x0000000100000000)
  region size 1024K, 2 young (2048K), 2 survivors (2048K)
 Metaspace       used 100323K, committed 101632K, reserved 512000K
  class space    used 13985K, committed 14592K, reserved 421888K
}
Event: 239.419 GC heap before
{Heap before GC invocations=61 (full 0):
 garbage-first heap   total 319488K, used 225834K [0x0000000080000000, 0x0000000100000000)
  region size 1024K, 46 young (47104K), 2 survivors (2048K)
 Metaspace       used 101336K, committed 102656K, reserved 512000K
  class space    used 14116K, committed 14720K, reserved 421888K
}
Event: 239.540 GC heap after
{Heap after GC invocations=62 (full 0):
 garbage-first heap   total 319488K, used 189762K [0x0000000080000000, 0x0000000100000000)
  region size 1024K, 6 young (6144K), 6 survivors (6144K)
 Metaspace       used 101336K, committed 102656K, reserved 512000K
  class space    used 14116K, committed 14720K, reserved 421888K
}
Event: 242.396 GC heap before
{Heap before GC invocations=62 (full 0):
 garbage-first heap   total 319488K, used 215362K [0x0000000080000000, 0x0000000100000000)
  region size 1024K, 31 young (31744K), 6 survivors (6144K)
 Metaspace       used 103294K, committed 104576K, reserved 520192K
  class space    used 14435K, committed 15040K, reserved 421888K
}
Event: 242.480 GC heap after
{Heap after GC invocations=63 (full 0):
 garbage-first heap   total 319488K, used 191448K [0x0000000080000000, 0x0000000100000000)
  region size 1024K, 2 young (2048K), 2 survivors (2048K)
 Metaspace       used 103294K, committed 104576K, reserved 520192K
  class space    used 14435K, committed 15040K, reserved 421888K
}
Event: 252.994 GC heap before
{Heap before GC invocations=64 (full 0):
 garbage-first heap   total 329728K, used 240600K [0x0000000080000000, 0x0000000100000000)
  region size 1024K, 51 young (52224K), 2 survivors (2048K)
 Metaspace       used 106055K, committed 107392K, reserved 520192K
  class space    used 14779K, committed 15360K, reserved 421888K
}
Event: 253.187 GC heap after
{Heap after GC invocations=65 (full 0):
 garbage-first heap   total 329728K, used 194980K [0x0000000080000000, 0x0000000100000000)
  region size 1024K, 6 young (6144K), 6 survivors (6144K)
 Metaspace       used 106055K, committed 107392K, reserved 520192K
  class space    used 14779K, committed 15360K, reserved 421888K
}
Event: 254.515 GC heap before
{Heap before GC invocations=65 (full 0):
 garbage-first heap   total 329728K, used 205220K [0x0000000080000000, 0x0000000100000000)
  region size 1024K, 16 young (16384K), 6 survivors (6144K)
 Metaspace       used 106222K, committed 107520K, reserved 520192K
  class space    used 14790K, committed 15360K, reserved 421888K
}

