# JRE version: Java(TM) SE Runtime Environment (17.0+35) (build 17+35-LTS-2724)
# Java VM: Java HotSpot(TM) 64-Bit Server VM (17+35-LTS-2724, mixed mode, sharing, tiered, compressed oops, compressed class ptrs, g1 gc, windows-amd64)
GC Precious Log:
 CPUs: 4 total, 4 available
 Memory: 4007M
 Large Page Support: Disabled
 NUMA Support: Disabled
 Compressed Oops: Enabled (32-bit)
 Heap Region Size: 1M
 Heap Min Capacity: 8M
 Heap Initial Capacity: 64M
 Heap Max Capacity: 2G
 Pre-touch: Disabled
 Parallel Workers: 4
 Concurrent Workers: 1
 Concurrent Refinement Workers: 4
 Periodic GC: Disabled
Heap:
 garbage-first heap   total 248832K, used 181600K [0x0000000080000000, 0x0000000100000000)
  region size 1024K, 5 young (5120K), 5 survivors (5120K)
 Metaspace       used 118345K, committed 119488K, reserved 528384K
  class space    used 16303K, committed 16832K, reserved 421888K
GC Heap History (20 events):
Event: 114.644 GC heap after
{Heap after GC invocations=73 (full 0):
 garbage-first heap   total 206848K, used 155095K [0x0000000080000000, 0x0000000100000000)
  region size 1024K, 3 young (3072K), 3 survivors (3072K)
 Metaspace       used 110262K, committed 111296K, reserved 520192K
  class space    used 15289K, committed 15744K, reserved 421888K
}
Event: 114.830 GC heap before
{Heap before GC invocations=73 (full 0):
 garbage-first heap   total 206848K, used 176599K [0x0000000080000000, 0x0000000100000000)
  region size 1024K, 24 young (24576K), 3 survivors (3072K)
 Metaspace       used 110262K, committed 111296K, reserved 520192K
  class space    used 15289K, committed 15744K, reserved 421888K
}
Event: 114.840 GC heap after
{Heap after GC invocations=74 (full 0):
 garbage-first heap   total 206848K, used 154840K [0x0000000080000000, 0x0000000100000000)
  region size 1024K, 2 young (2048K), 2 survivors (2048K)
 Metaspace       used 110262K, committed 111296K, reserved 520192K
  class space    used 15289K, committed 15744K, reserved 421888K
}
Event: 115.033 GC heap before
{Heap before GC invocations=74 (full 0):
 garbage-first heap   total 206848K, used 177368K [0x0000000080000000, 0x0000000100000000)
  region size 1024K, 24 young (24576K), 2 survivors (2048K)
 Metaspace       used 110262K, committed 111296K, reserved 520192K
  class space    used 15289K, committed 15744K, reserved 421888K
}
Event: 115.039 GC heap after
{Heap after GC invocations=75 (full 0):
 garbage-first heap   total 206848K, used 155141K [0x0000000080000000, 0x0000000100000000)
  region size 1024K, 2 young (2048K), 2 survivors (2048K)
 Metaspace       used 110262K, committed 111296K, reserved 520192K
  class space    used 15289K, committed 15744K, reserved 421888K
}
Event: 115.341 GC heap before
{Heap before GC invocations=75 (full 0):
 garbage-first heap   total 206848K, used 178693K [0x0000000080000000, 0x0000000100000000)
  region size 1024K, 25 young (25600K), 2 survivors (2048K)
 Metaspace       used 110268K, committed 111296K, reserved 520192K
  class space    used 15289K, committed 15744K, reserved 421888K
}
Event: 115.553 GC heap after
{Heap after GC invocations=76 (full 0):
 garbage-first heap   total 248832K, used 155570K [0x0000000080000000, 0x0000000100000000)
  region size 1024K, 2 young (2048K), 2 survivors (2048K)
 Metaspace       used 110268K, committed 111296K, reserved 520192K
  class space    used 15289K, committed 15744K, reserved 421888K
}
Event: 116.016 GC heap before
{Heap before GC invocations=76 (full 0):
 garbage-first heap   total 248832K, used 209842K [0x0000000080000000, 0x0000000100000000)
  region size 1024K, 55 young (56320K), 2 survivors (2048K)
 Metaspace       used 110268K, committed 111296K, reserved 520192K
  class space    used 15289K, committed 15744K, reserved 421888K
}
Event: 116.026 GC heap after
{Heap after GC invocations=77 (full 0):
 garbage-first heap   total 248832K, used 156332K [0x0000000080000000, 0x0000000100000000)
  region size 1024K, 3 young (3072K), 3 survivors (3072K)
 Metaspace       used 110268K, committed 111296K, reserved 520192K
  class space    used 15289K, committed 15744K, reserved 421888K
}
Event: 118.219 GC heap before
{Heap before GC invocations=77 (full 0):
 garbage-first heap   total 248832K, used 211628K [0x0000000080000000, 0x0000000100000000)
  region size 1024K, 57 young (58368K), 3 survivors (3072K)
 Metaspace       used 111424K, committed 112512K, reserved 520192K
  class space    used 15436K, committed 15936K, reserved 421888K
}
Event: 118.242 GC heap after
{Heap after GC invocations=78 (full 0):
 garbage-first heap   total 248832K, used 161311K [0x0000000080000000, 0x0000000100000000)
  region size 1024K, 8 young (8192K), 8 survivors (8192K)
 Metaspace       used 111424K, committed 112512K, reserved 520192K
  class space    used 15436K, committed 15936K, reserved 421888K
}
Event: 119.389 GC heap before
{Heap before GC invocations=78 (full 0):
 garbage-first heap   total 248832K, used 210463K [0x0000000080000000, 0x0000000100000000)
  region size 1024K, 56 young (57344K), 8 survivors (8192K)
 Metaspace       used 112560K, committed 113664K, reserved 520192K
  class space    used 15549K, committed 16064K, reserved 421888K
}
Event: 119.429 GC heap after
{Heap after GC invocations=79 (full 0):
 garbage-first heap   total 248832K, used 164989K [0x0000000080000000, 0x0000000100000000)
  region size 1024K, 4 young (4096K), 4 survivors (4096K)
 Metaspace       used 112560K, committed 113664K, reserved 520192K
  class space    used 15549K, committed 16064K, reserved 421888K
}
Event: 121.488 GC heap before
{Heap before GC invocations=79 (full 0):
 garbage-first heap   total 248832K, used 212093K [0x0000000080000000, 0x0000000100000000)
  region size 1024K, 49 young (50176K), 4 survivors (4096K)
 Metaspace       used 112641K, committed 113728K, reserved 520192K
  class space    used 15557K, committed 16064K, reserved 421888K
}
Event: 121.508 GC heap after
{Heap after GC invocations=80 (full 0):
 garbage-first heap   total 248832K, used 172521K [0x0000000080000000, 0x0000000100000000)
  region size 1024K, 7 young (7168K), 7 survivors (7168K)
 Metaspace       used 112641K, committed 113728K, reserved 520192K
  class space    used 15557K, committed 16064K, reserved 421888K
}
Event: 123.934 GC heap before
{Heap before GC invocations=80 (full 0):
 garbage-first heap   total 248832K, used 211433K [0x0000000080000000, 0x0000000100000000)
  region size 1024K, 45 young (46080K), 7 survivors (7168K)
 Metaspace       used 113879K, committed 115008K, reserved 528384K
  class space    used 15708K, committed 16256K, reserved 421888K
}
Event: 123.961 GC heap after
{Heap after GC invocations=81 (full 0):
 garbage-first heap   total 248832K, used 177512K [0x0000000080000000, 0x0000000100000000)
  region size 1024K, 5 young (5120K), 5 survivors (5120K)
 Metaspace       used 113879K, committed 115008K, reserved 528384K
  class space    used 15708K, committed 16256K, reserved 421888K
}
Event: 125.362 GC heap before
{Heap before GC invocations=81 (full 0):
 garbage-first heap   total 248832K, used 211304K [0x0000000080000000, 0x0000000100000000)
  region size 1024K, 38 young (38912K), 5 survivors (5120K)
 Metaspace       used 116493K, committed 117632K, reserved 528384K
  class space    used 16129K, committed 16640K, reserved 421888K
}
Event: 125.391 GC heap after
{Heap after GC invocations=82 (full 0):
 garbage-first heap   total 248832K, used 179091K [0x0000000080000000, 0x0000000100000000)
  region size 1024K, 2 young (2048K), 2 survivors (2048K)
 Metaspace       used 116493K, committed 117632K, reserved 528384K
  class space    used 16129K, committed 16640K, reserved 421888K
}
Event: 132.011 GC heap before
{Heap before GC invocations=82 (full 0):
 garbage-first heap   total 248832K, used 212883K [0x0000000080000000, 0x0000000100000000)
  region size 1024K, 35 young (35840K), 2 survivors (2048K)
 Metaspace       used 118345K, committed 119488K, reserved 528384K
  class space    used 16303K, committed 16832K, reserved 421888K
}

