# JRE version: Java(TM) SE Runtime Environment (17.0+35) (build 17+35-LTS-2724)
# Java VM: Java HotSpot(TM) 64-Bit Server VM (17+35-LTS-2724, mixed mode, sharing, tiered, compressed oops, compressed class ptrs, g1 gc, windows-amd64)
GC Precious Log:
 CPUs: 4 total, 4 available
 Memory: 4007M
 Large Page Support: Disabled
 NUMA Support: Disabled
 Compressed Oops: Enabled (32-bit)
 Heap Region Size: 1M
 Heap Min Capacity: 8M
 Heap Initial Capacity: 64M
 Heap Max Capacity: 2G
 Pre-touch: Disabled
 Parallel Workers: 4
 Concurrent Workers: 1
 Concurrent Refinement Workers: 4
 Periodic GC: Disabled
Heap:
 garbage-first heap   total 392192K, used 265984K [0x0000000080000000, 0x0000000100000000)
  region size 1024K, 2 young (2048K), 2 survivors (2048K)
 Metaspace       used 130919K, committed 132224K, reserved 536576K
  class space    used 17828K, committed 18432K, reserved 421888K
GC Heap History (20 events):
Event: 361.218 GC heap after
{Heap after GC invocations=103 (full 0):
 garbage-first heap   total 326656K, used 260031K [0x0000000080000000, 0x0000000100000000)
  region size 1024K, 3 young (3072K), 3 survivors (3072K)
 Metaspace       used 129335K, committed 130624K, reserved 536576K
  class space    used 17588K, committed 18240K, reserved 421888K
}
Event: 364.127 GC heap before
{Heap before GC invocations=103 (full 0):
 garbage-first heap   total 326656K, used 289727K [0x0000000080000000, 0x0000000100000000)
  region size 1024K, 32 young (32768K), 3 survivors (3072K)
 Metaspace       used 129356K, committed 130624K, reserved 536576K
  class space    used 17593K, committed 18240K, reserved 421888K
}
Event: 364.201 GC heap after
{Heap after GC invocations=104 (full 0):
 garbage-first heap   total 392192K, used 260232K [0x0000000080000000, 0x0000000100000000)
  region size 1024K, 3 young (3072K), 3 survivors (3072K)
 Metaspace       used 129356K, committed 130624K, reserved 536576K
  class space    used 17593K, committed 18240K, reserved 421888K
}
Event: 370.188 GC heap before
{Heap before GC invocations=104 (full 0):
 garbage-first heap   total 392192K, used 347272K [0x0000000080000000, 0x0000000100000000)
  region size 1024K, 88 young (90112K), 3 survivors (3072K)
 Metaspace       used 129371K, committed 130688K, reserved 536576K
  class space    used 17593K, committed 18240K, reserved 421888K
}
Event: 370.448 GC heap after
{Heap after GC invocations=105 (full 0):
 garbage-first heap   total 392192K, used 260796K [0x0000000080000000, 0x0000000100000000)
  region size 1024K, 3 young (3072K), 3 survivors (3072K)
 Metaspace       used 129371K, committed 130688K, reserved 536576K
  class space    used 17593K, committed 18240K, reserved 421888K
}
Event: 382.061 GC heap before
{Heap before GC invocations=105 (full 0):
 garbage-first heap   total 392192K, used 347836K [0x0000000080000000, 0x0000000100000000)
  region size 1024K, 88 young (90112K), 3 survivors (3072K)
 Metaspace       used 129519K, committed 130816K, reserved 536576K
  class space    used 17624K, committed 18240K, reserved 421888K
}
Event: 382.147 GC heap after
{Heap after GC invocations=106 (full 0):
 garbage-first heap   total 392192K, used 262143K [0x0000000080000000, 0x0000000100000000)
  region size 1024K, 5 young (5120K), 5 survivors (5120K)
 Metaspace       used 129519K, committed 130816K, reserved 536576K
  class space    used 17624K, committed 18240K, reserved 421888K
}
Event: 404.097 GC heap before
{Heap before GC invocations=106 (full 0):
 garbage-first heap   total 392192K, used 346111K [0x0000000080000000, 0x0000000100000000)
  region size 1024K, 87 young (89088K), 5 survivors (5120K)
 Metaspace       used 129906K, committed 131200K, reserved 536576K
  class space    used 17671K, committed 18304K, reserved 421888K
}
Event: 404.425 GC heap after
{Heap after GC invocations=107 (full 0):
 garbage-first heap   total 392192K, used 263196K [0x0000000080000000, 0x0000000100000000)
  region size 1024K, 6 young (6144K), 6 survivors (6144K)
 Metaspace       used 129906K, committed 131200K, reserved 536576K
  class space    used 17671K, committed 18304K, reserved 421888K
}
Event: 419.915 GC heap before
{Heap before GC invocations=107 (full 0):
 garbage-first heap   total 392192K, used 345116K [0x0000000080000000, 0x0000000100000000)
  region size 1024K, 86 young (88064K), 6 survivors (6144K)
 Metaspace       used 130067K, committed 131392K, reserved 536576K
  class space    used 17706K, committed 18368K, reserved 421888K
}
Event: 421.713 GC heap after
{Heap after GC invocations=108 (full 0):
 garbage-first heap   total 392192K, used 263868K [0x0000000080000000, 0x0000000100000000)
  region size 1024K, 6 young (6144K), 6 survivors (6144K)
 Metaspace       used 130067K, committed 131392K, reserved 536576K
  class space    used 17706K, committed 18368K, reserved 421888K
}
Event: 424.766 GC heap before
{Heap before GC invocations=108 (full 0):
 garbage-first heap   total 392192K, used 277180K [0x0000000080000000, 0x0000000100000000)
  region size 1024K, 19 young (19456K), 6 survivors (6144K)
 Metaspace       used 130107K, committed 131456K, reserved 536576K
  class space    used 17711K, committed 18368K, reserved 421888K
}
Event: 425.043 GC heap after
{Heap after GC invocations=109 (full 0):
 garbage-first heap   total 392192K, used 264531K [0x0000000080000000, 0x0000000100000000)
  region size 1024K, 2 young (2048K), 2 survivors (2048K)
 Metaspace       used 130107K, committed 131456K, reserved 536576K
  class space    used 17711K, committed 18368K, reserved 421888K
}
Event: 428.820 GC heap before
{Heap before GC invocations=109 (full 0):
 garbage-first heap   total 392192K, used 280915K [0x0000000080000000, 0x0000000100000000)
  region size 1024K, 19 young (19456K), 2 survivors (2048K)
 Metaspace       used 130195K, committed 131520K, reserved 536576K
  class space    used 17726K, committed 18368K, reserved 421888K
}
Event: 428.834 GC heap after
{Heap after GC invocations=110 (full 0):
 garbage-first heap   total 392192K, used 264493K [0x0000000080000000, 0x0000000100000000)
  region size 1024K, 2 young (2048K), 2 survivors (2048K)
 Metaspace       used 130195K, committed 131520K, reserved 536576K
  class space    used 17726K, committed 18368K, reserved 421888K
}
Event: 435.390 GC heap before
{Heap before GC invocations=110 (full 0):
 garbage-first heap   total 392192K, used 303405K [0x0000000080000000, 0x0000000100000000)
  region size 1024K, 40 young (40960K), 2 survivors (2048K)
 Metaspace       used 130408K, committed 131712K, reserved 536576K
  class space    used 17747K, committed 18368K, reserved 421888K
}
Event: 435.418 GC heap after
{Heap after GC invocations=111 (full 0):
 garbage-first heap   total 392192K, used 264732K [0x0000000080000000, 0x0000000100000000)
  region size 1024K, 2 young (2048K), 2 survivors (2048K)
 Metaspace       used 130408K, committed 131712K, reserved 536576K
  class space    used 17747K, committed 18368K, reserved 421888K
}
Event: 456.270 GC heap before
{Heap before GC invocations=111 (full 0):
 garbage-first heap   total 392192K, used 344604K [0x0000000080000000, 0x0000000100000000)
  region size 1024K, 80 young (81920K), 2 survivors (2048K)
 Metaspace       used 130831K, committed 132160K, reserved 536576K
  class space    used 17819K, committed 18432K, reserved 421888K
}
Event: 457.499 GC heap after
{Heap after GC invocations=112 (full 0):
 garbage-first heap   total 392192K, used 265642K [0x0000000080000000, 0x0000000100000000)
  region size 1024K, 3 young (3072K), 3 survivors (3072K)
 Metaspace       used 130831K, committed 132160K, reserved 536576K
  class space    used 17819K, committed 18432K, reserved 421888K
}
Event: 467.901 GC heap before
{Heap before GC invocations=112 (full 0):
 garbage-first heap   total 392192K, used 282026K [0x0000000080000000, 0x0000000100000000)
  region size 1024K, 19 young (19456K), 3 survivors (3072K)
 Metaspace       used 130919K, committed 132224K, reserved 536576K
  class space    used 17828K, committed 18432K, reserved 421888K
}

