# JRE version: Java(TM) SE Runtime Environment (17.0+35) (build 17+35-LTS-2724)
# Java VM: Java HotSpot(TM) 64-Bit Server VM (17+35-LTS-2724, mixed mode, sharing, tiered, compressed oops, compressed class ptrs, g1 gc, windows-amd64)
GC Precious Log:
 CPUs: 4 total, 4 available
 Memory: 4007M
 Large Page Support: Disabled
 NUMA Support: Disabled
 Compressed Oops: Enabled (32-bit)
 Heap Region Size: 1M
 Heap Min Capacity: 64M
 Heap Initial Capacity: 64M
 Heap Max Capacity: 64M
 Pre-touch: Disabled
 Parallel Workers: 4
 Concurrent Workers: 1
 Concurrent Refinement Workers: 4
 Periodic GC: Disabled
Heap:
 garbage-first heap   total 65536K, used 24648K [0x00000000fc000000, 0x0000000100000000)
  region size 1024K, 15 young (15360K), 3 survivors (3072K)
 Metaspace       used 10566K, committed 10752K, reserved 1064960K
  class space    used 1343K, committed 1408K, reserved 1048576K
GC Heap History (6 events):
Event: 2.678 GC heap before
{Heap before GC invocations=0 (full 0):
 garbage-first heap   total 65536K, used 12288K [0x00000000fc000000, 0x0000000100000000)
  region size 1024K, 13 young (13312K), 0 survivors (0K)
 Metaspace       used 1813K, committed 1920K, reserved 1056768K
  class space    used 165K, committed 192K, reserved 1048576K
}
Event: 2.683 GC heap after
{Heap after GC invocations=1 (full 0):
 garbage-first heap   total 65536K, used 2648K [0x00000000fc000000, 0x0000000100000000)
  region size 1024K, 2 young (2048K), 2 survivors (2048K)
 Metaspace       used 1813K, committed 1920K, reserved 1056768K
  class space    used 165K, committed 192K, reserved 1048576K
}
Event: 5.433 GC heap before
{Heap before GC invocations=1 (full 0):
 garbage-first heap   total 65536K, used 22104K [0x00000000fc000000, 0x0000000100000000)
  region size 1024K, 18 young (18432K), 2 survivors (2048K)
 Metaspace       used 5172K, committed 5312K, reserved 1056768K
  class space    used 682K, committed 768K, reserved 1048576K
}
Event: 5.440 GC heap after
{Heap after GC invocations=2 (full 0):
 garbage-first heap   total 65536K, used 11020K [0x00000000fc000000, 0x0000000100000000)
  region size 1024K, 3 young (3072K), 3 survivors (3072K)
 Metaspace       used 5172K, committed 5312K, reserved 1056768K
  class space    used 682K, committed 768K, reserved 1048576K
}
Event: 23.165 GC heap before
{Heap before GC invocations=2 (full 0):
 garbage-first heap   total 65536K, used 31500K [0x00000000fc000000, 0x0000000100000000)
  region size 1024K, 23 young (23552K), 3 survivors (3072K)
 Metaspace       used 9833K, committed 10048K, reserved 1064960K
  class space    used 1290K, committed 1408K, reserved 1048576K
}
Event: 23.173 GC heap after
{Heap after GC invocations=3 (full 0):
 garbage-first heap   total 65536K, used 13384K [0x00000000fc000000, 0x0000000100000000)
  region size 1024K, 3 young (3072K), 3 survivors (3072K)
 Metaspace       used 9833K, committed 10048K, reserved 1064960K
  class space    used 1290K, committed 1408K, reserved 1048576K
}

