# JRE version: Java(TM) SE Runtime Environment (17.0+35) (build 17+35-LTS-2724)
# Java VM: Java HotSpot(TM) 64-Bit Server VM (17+35-LTS-2724, mixed mode, sharing, tiered, compressed oops, compressed class ptrs, g1 gc, windows-amd64)
GC Precious Log:
 CPUs: 4 total, 4 available
 Memory: 4007M
 Large Page Support: Disabled
 NUMA Support: Disabled
 Compressed Oops: Enabled (32-bit)
 Heap Region Size: 1M
 Heap Min Capacity: 8M
 Heap Initial Capacity: 64M
 Heap Max Capacity: 2G
 Pre-touch: Disabled
 Parallel Workers: 4
 Concurrent Workers: 1
 Concurrent Refinement Workers: 4
 Periodic GC: Disabled
Heap:
 garbage-first heap   total 352256K, used 183907K [0x0000000080000000, 0x0000000100000000)
  region size 1024K, 2 young (2048K), 2 survivors (2048K)
 Metaspace       used 120087K, committed 121344K, reserved 528384K
  class space    used 16459K, committed 17024K, reserved 421888K
GC Heap History (20 events):
Event: 40.244 GC heap after
{Heap after GC invocations=41 (full 0):
 garbage-first heap   total 162816K, used 84055K [0x0000000080000000, 0x0000000100000000)
  region size 1024K, 2 young (2048K), 2 survivors (2048K)
 Metaspace       used 70411K, committed 71104K, reserved 487424K
  class space    used 10123K, committed 10496K, reserved 421888K
}
Event: 40.292 GC heap before
{Heap before GC invocations=41 (full 0):
 garbage-first heap   total 162816K, used 89175K [0x0000000080000000, 0x0000000100000000)
  region size 1024K, 7 young (7168K), 2 survivors (2048K)
 Metaspace       used 70412K, committed 71104K, reserved 487424K
  class space    used 10123K, committed 10496K, reserved 421888K
}
Event: 40.302 GC heap after
{Heap after GC invocations=42 (full 0):
 garbage-first heap   total 352256K, used 83873K [0x0000000080000000, 0x0000000100000000)
  region size 1024K, 1 young (1024K), 1 survivors (1024K)
 Metaspace       used 70412K, committed 71104K, reserved 487424K
  class space    used 10123K, committed 10496K, reserved 421888K
}
Event: 47.339 GC heap before
{Heap before GC invocations=42 (full 0):
 garbage-first heap   total 352256K, used 299937K [0x0000000080000000, 0x0000000100000000)
  region size 1024K, 205 young (209920K), 1 survivors (1024K)
 Metaspace       used 84161K, committed 84992K, reserved 495616K
  class space    used 11757K, committed 12160K, reserved 421888K
}
Event: 47.449 GC heap after
{Heap after GC invocations=43 (full 0):
 garbage-first heap   total 352256K, used 96301K [0x0000000080000000, 0x0000000100000000)
  region size 1024K, 11 young (11264K), 11 survivors (11264K)
 Metaspace       used 84161K, committed 84992K, reserved 495616K
  class space    used 11757K, committed 12160K, reserved 421888K
}
Event: 71.640 GC heap before
{Heap before GC invocations=43 (full 0):
 garbage-first heap   total 352256K, used 271405K [0x0000000080000000, 0x0000000100000000)
  region size 1024K, 181 young (185344K), 11 survivors (11264K)
 Metaspace       used 93483K, committed 94272K, reserved 503808K
  class space    used 13187K, committed 13568K, reserved 421888K
}
Event: 71.689 GC heap after
{Heap after GC invocations=44 (full 0):
 garbage-first heap   total 352256K, used 104985K [0x0000000080000000, 0x0000000100000000)
  region size 1024K, 19 young (19456K), 19 survivors (19456K)
 Metaspace       used 93483K, committed 94272K, reserved 503808K
  class space    used 13187K, committed 13568K, reserved 421888K
}
Event: 77.133 GC heap before
{Heap before GC invocations=44 (full 0):
 garbage-first heap   total 352256K, used 281113K [0x0000000080000000, 0x0000000100000000)
  region size 1024K, 187 young (191488K), 19 survivors (19456K)
 Metaspace       used 100379K, committed 101312K, reserved 512000K
  class space    used 14166K, committed 14592K, reserved 421888K
}
Event: 77.302 GC heap after
{Heap after GC invocations=45 (full 0):
 garbage-first heap   total 352256K, used 127116K [0x0000000080000000, 0x0000000100000000)
  region size 1024K, 24 young (24576K), 24 survivors (24576K)
 Metaspace       used 100379K, committed 101312K, reserved 512000K
  class space    used 14166K, committed 14592K, reserved 421888K
}
Event: 82.799 GC heap before
{Heap before GC invocations=45 (full 0):
 garbage-first heap   total 352256K, used 280716K [0x0000000080000000, 0x0000000100000000)
  region size 1024K, 171 young (175104K), 24 survivors (24576K)
 Metaspace       used 104529K, committed 105600K, reserved 520192K
  class space    used 14602K, committed 15104K, reserved 421888K
}
Event: 82.955 GC heap after
{Heap after GC invocations=46 (full 0):
 garbage-first heap   total 352256K, used 154624K [0x0000000080000000, 0x0000000100000000)
  region size 1024K, 22 young (22528K), 22 survivors (22528K)
 Metaspace       used 104529K, committed 105600K, reserved 520192K
  class space    used 14602K, committed 15104K, reserved 421888K
}
Event: 90.115 GC heap before
{Heap before GC invocations=46 (full 0):
 garbage-first heap   total 352256K, used 272384K [0x0000000080000000, 0x0000000100000000)
  region size 1024K, 138 young (141312K), 22 survivors (22528K)
 Metaspace       used 115724K, committed 116928K, reserved 528384K
  class space    used 16052K, committed 16640K, reserved 421888K
}
Event: 90.184 GC heap after
{Heap after GC invocations=47 (full 0):
 garbage-first heap   total 352256K, used 167424K [0x0000000080000000, 0x0000000100000000)
  region size 1024K, 11 young (11264K), 11 survivors (11264K)
 Metaspace       used 115724K, committed 116928K, reserved 528384K
  class space    used 16052K, committed 16640K, reserved 421888K
}
Event: 94.560 GC heap before
{Heap before GC invocations=47 (full 0):
 garbage-first heap   total 352256K, used 215552K [0x0000000080000000, 0x0000000100000000)
  region size 1024K, 59 young (60416K), 11 survivors (11264K)
 Metaspace       used 117382K, committed 118528K, reserved 528384K
  class space    used 16244K, committed 16768K, reserved 421888K
}
Event: 94.628 GC heap after
{Heap after GC invocations=48 (full 0):
 garbage-first heap   total 352256K, used 172544K [0x0000000080000000, 0x0000000100000000)
  region size 1024K, 7 young (7168K), 7 survivors (7168K)
 Metaspace       used 117382K, committed 118528K, reserved 528384K
  class space    used 16244K, committed 16768K, reserved 421888K
}
Event: 100.046 GC heap before
{Heap before GC invocations=49 (full 0):
 garbage-first heap   total 352256K, used 286208K [0x0000000080000000, 0x0000000100000000)
  region size 1024K, 113 young (115712K), 7 survivors (7168K)
 Metaspace       used 120046K, committed 121280K, reserved 528384K
  class space    used 16453K, committed 17024K, reserved 421888K
}
Event: 100.092 GC heap after
{Heap after GC invocations=50 (full 0):
 garbage-first heap   total 352256K, used 184320K [0x0000000080000000, 0x0000000100000000)
  region size 1024K, 15 young (15360K), 15 survivors (15360K)
 Metaspace       used 120046K, committed 121280K, reserved 528384K
  class space    used 16453K, committed 17024K, reserved 421888K
}
Event: 100.117 GC heap before
{Heap before GC invocations=50 (full 0):
 garbage-first heap   total 352256K, used 186368K [0x0000000080000000, 0x0000000100000000)
  region size 1024K, 17 young (17408K), 15 survivors (15360K)
 Metaspace       used 120052K, committed 121280K, reserved 528384K
  class space    used 16453K, committed 17024K, reserved 421888K
}
Event: 100.160 GC heap after
{Heap after GC invocations=51 (full 0):
 garbage-first heap   total 352256K, used 184320K [0x0000000080000000, 0x0000000100000000)
  region size 1024K, 2 young (2048K), 2 survivors (2048K)
 Metaspace       used 120052K, committed 121280K, reserved 528384K
  class space    used 16453K, committed 17024K, reserved 421888K
}
Event: 100.178 GC heap before
{Heap before GC invocations=51 (full 0):
 garbage-first heap   total 352256K, used 185344K [0x0000000080000000, 0x0000000100000000)
  region size 1024K, 4 young (4096K), 2 survivors (2048K)
 Metaspace       used 120087K, committed 121344K, reserved 528384K
  class space    used 16459K, committed 17024K, reserved 421888K
}

